<?xml version="1.0" encoding="UTF-8"?>
<testng-results ignored="0" total="3" passed="3" failed="0" skipped="0">
  <reporter-output>
  </reporter-output>
  <suite started-at="2024-05-23T15:10:39 IST" name="Suite" finished-at="2024-05-23T15:11:34 IST" duration-ms="54371">
    <groups>
    </groups>
    <test started-at="2024-05-23T15:10:39 IST" name="Test" finished-at="2024-05-23T15:11:34 IST" duration-ms="54371">
      <class name="com.tend.qa.testcases.LandingPageTest">
        <test-method is-config="true" signature="Setup()[pri:0, instance:com.tend.qa.testcases.LandingPageTest@5c80cf32]" started-at="2024-05-23T15:10:54 IST" name="Setup" finished-at="2024-05-23T15:11:03 IST" duration-ms="8847" status="PASS">
          <reporter-output>
          </reporter-output>
        </test-method> <!-- Setup -->
        <test-method signature="verify_Top_Menu_Item_Is_Displayed_And_Accessibile()[pri:1, instance:com.tend.qa.testcases.LandingPageTest@5c80cf32]" started-at="2024-05-23T15:11:03 IST" name="verify_Top_Menu_Item_Is_Displayed_And_Accessibile" finished-at="2024-05-23T15:11:11 IST" duration-ms="7839" status="PASS">
          <reporter-output>
          </reporter-output>
        </test-method> <!-- verify_Top_Menu_Item_Is_Displayed_And_Accessibile -->
        <test-method is-config="true" signature="tearDown()[pri:0, instance:com.tend.qa.testcases.LandingPageTest@5c80cf32]" started-at="2024-05-23T15:11:11 IST" name="tearDown" finished-at="2024-05-23T15:11:12 IST" duration-ms="1180" status="PASS">
          <reporter-output>
          </reporter-output>
        </test-method> <!-- tearDown -->
        <test-method is-config="true" signature="Setup()[pri:0, instance:com.tend.qa.testcases.LandingPageTest@5c80cf32]" started-at="2024-05-23T15:11:12 IST" name="Setup" finished-at="2024-05-23T15:11:24 IST" duration-ms="11363" status="PASS">
          <reporter-output>
          </reporter-output>
        </test-method> <!-- Setup -->
        <test-method signature="verify_Request_Demo_Button_Is_Enable_And_Clickable_On_Each_Of_The_Aforementioned_Top_Level_Menu_pages()[pri:2, instance:com.tend.qa.testcases.LandingPageTest@5c80cf32]" started-at="2024-05-23T15:11:24 IST" name="verify_Request_Demo_Button_Is_Enable_And_Clickable_On_Each_Of_The_Aforementioned_Top_Level_Menu_pages" finished-at="2024-05-23T15:11:33 IST" duration-ms="9582" status="PASS">
          <reporter-output>
          </reporter-output>
        </test-method> <!-- verify_Request_Demo_Button_Is_Enable_And_Clickable_On_Each_Of_The_Aforementioned_Top_Level_Menu_pages -->
        <test-method is-config="true" signature="tearDown()[pri:0, instance:com.tend.qa.testcases.LandingPageTest@5c80cf32]" started-at="2024-05-23T15:11:33 IST" name="tearDown" finished-at="2024-05-23T15:11:34 IST" duration-ms="530" status="PASS">
          <reporter-output>
          </reporter-output>
        </test-method> <!-- tearDown -->
      </class> <!-- com.tend.qa.testcases.LandingPageTest -->
      <class name="com.tend.qa.testcases.ContactPageTest">
        <test-method is-config="true" signature="Setup()[pri:0, instance:com.tend.qa.testcases.ContactPageTest@1a75e76a]" started-at="2024-05-23T15:10:39 IST" name="Setup" finished-at="2024-05-23T15:10:50 IST" duration-ms="10881" status="PASS">
          <reporter-output>
          </reporter-output>
        </test-method> <!-- Setup -->
        <test-method signature="verify_Error_Message_On_Form_Details_For_Contact_Page_For_Marketing_Section()[pri:1, instance:com.tend.qa.testcases.ContactPageTest@1a75e76a]" started-at="2024-05-23T15:10:50 IST" name="verify_Error_Message_On_Form_Details_For_Contact_Page_For_Marketing_Section" finished-at="2024-05-23T15:10:54 IST" duration-ms="3258" status="PASS">
          <reporter-output>
          </reporter-output>
        </test-method> <!-- verify_Error_Message_On_Form_Details_For_Contact_Page_For_Marketing_Section -->
        <test-method is-config="true" signature="tearDown()[pri:0, instance:com.tend.qa.testcases.ContactPageTest@1a75e76a]" started-at="2024-05-23T15:10:54 IST" name="tearDown" finished-at="2024-05-23T15:10:54 IST" duration-ms="795" status="PASS">
          <reporter-output>
          </reporter-output>
        </test-method> <!-- tearDown -->
      </class> <!-- com.tend.qa.testcases.ContactPageTest -->
    </test> <!-- Test -->
  </suite> <!-- Suite -->
</testng-results>
