<?xml version="1.0" encoding="UTF-8"?>
<!-- Generated by org.testng.reporters.JUnitXMLReporter -->
<testsuite ignored="0" hostname="LAPTOP-TDDV87RG" failures="0" tests="3" name="Test" time="54.371" errors="0" timestamp="2024-05-23T15:11:34 IST">
  <testcase classname="com.tend.qa.testcases.ContactPageTest" name="verify_Error_Message_On_Form_Details_For_Contact_Page_For_Marketing_Section" time="3.258"/>
  <testcase classname="com.tend.qa.testcases.LandingPageTest" name="verify_Top_Menu_Item_Is_Displayed_And_Accessibile" time="7.839"/>
  <testcase classname="com.tend.qa.testcases.LandingPageTest" name="verify_Request_Demo_Button_Is_Enable_And_Clickable_On_Each_Of_The_Aforementioned_Top_Level_Menu_pages" time="9.582"/>
</testsuite> <!-- Test -->
